<?xml version="1.0" encoding="UTF-8"?>
<testsuite name="com.coconut.springboot.web.PostsApiControllerTest" tests="2" skipped="0" failures="0" errors="0" timestamp="2021-02-11T06:33:18" hostname="ijun-uiui-MacBookPro.local" time="0.582">
  <properties/>
  <testcase name="Posts_등록된다" classname="com.coconut.springboot.web.PostsApiControllerTest" time="0.506"/>
  <testcase name="Posts_수정된다" classname="com.coconut.springboot.web.PostsApiControllerTest" time="0.073"/>
  <system-out><![CDATA[2021-02-11 15:33:18.156  INFO 7918 --- [    Test worker] .b.t.c.SpringBootTestContextBootstrapper : Neither @ContextConfiguration nor @ContextHierarchy found for test class [com.coconut.springboot.web.PostsApiControllerTest], using SpringBootContextLoader
2021-02-11 15:33:18.157  INFO 7918 --- [    Test worker] o.s.t.c.support.AbstractContextLoader    : Could not detect default resource locations for test class [com.coconut.springboot.web.PostsApiControllerTest]: no resource found for suffixes {-context.xml, Context.groovy}.
2021-02-11 15:33:18.157  INFO 7918 --- [    Test worker] t.c.s.AnnotationConfigContextLoaderUtils : Could not detect default configuration classes for test class [com.coconut.springboot.web.PostsApiControllerTest]: PostsApiControllerTest does not declare any static, non-private, non-final, nested classes annotated with @Configuration.
2021-02-11 15:33:18.160  INFO 7918 --- [    Test worker] .b.t.c.SpringBootTestContextBootstrapper : Found @SpringBootConfiguration com.coconut.springboot.Application for test class com.coconut.springboot.web.PostsApiControllerTest
2021-02-11 15:33:18.162  INFO 7918 --- [    Test worker] .b.t.c.SpringBootTestContextBootstrapper : Loaded default TestExecutionListener class names from location [META-INF/spring.factories]: [org.springframework.security.test.context.support.WithSecurityContextTestExecutionListener, org.springframework.security.test.context.support.ReactorContextTestExecutionListener, org.springframework.boot.test.autoconfigure.restdocs.RestDocsTestExecutionListener, org.springframework.boot.test.autoconfigure.web.client.MockRestServiceServerResetTestExecutionListener, org.springframework.boot.test.autoconfigure.web.servlet.MockMvcPrintOnlyOnFailureTestExecutionListener, org.springframework.boot.test.autoconfigure.web.servlet.WebDriverTestExecutionListener, org.springframework.boot.test.mock.mockito.MockitoTestExecutionListener, org.springframework.boot.test.mock.mockito.ResetMocksTestExecutionListener, org.springframework.test.context.web.ServletTestExecutionListener, org.springframework.test.context.support.DirtiesContextBeforeModesTestExecutionListener, org.springframework.test.context.support.DependencyInjectionTestExecutionListener, org.springframework.test.context.support.DirtiesContextTestExecutionListener, org.springframework.test.context.transaction.TransactionalTestExecutionListener, org.springframework.test.context.jdbc.SqlScriptsTestExecutionListener]
2021-02-11 15:33:18.165  INFO 7918 --- [    Test worker] .b.t.c.SpringBootTestContextBootstrapper : Using TestExecutionListeners: [org.springframework.test.context.web.ServletTestExecutionListener@4bbd1511, org.springframework.test.context.support.DirtiesContextBeforeModesTestExecutionListener@bcdc07a, org.springframework.boot.test.mock.mockito.MockitoTestExecutionListener@5329ebb, org.springframework.boot.test.autoconfigure.SpringBootDependencyInjectionTestExecutionListener@3083e54e, org.springframework.test.context.support.DirtiesContextTestExecutionListener@13b57bd2, org.springframework.test.context.transaction.TransactionalTestExecutionListener@769eb7ce, org.springframework.test.context.jdbc.SqlScriptsTestExecutionListener@67c838e0, org.springframework.security.test.context.support.WithSecurityContextTestExecutionListener@48ce18c2, org.springframework.security.test.context.support.ReactorContextTestExecutionListener@709d91e2, org.springframework.boot.test.autoconfigure.restdocs.RestDocsTestExecutionListener@733e78f8, org.springframework.boot.test.autoconfigure.web.client.MockRestServiceServerResetTestExecutionListener@55975147, org.springframework.boot.test.autoconfigure.web.servlet.MockMvcPrintOnlyOnFailureTestExecutionListener@6da75b3f, org.springframework.boot.test.autoconfigure.web.servlet.WebDriverTestExecutionListener@7129c5e8, org.springframework.boot.test.mock.mockito.ResetMocksTestExecutionListener@71d09a8d]
2021-02-11 15:33:18.228  INFO 7918 --- [    Test worker] o.a.c.c.C.[Tomcat].[localhost].[/]       : Initializing Spring TestDispatcherServlet ''
2021-02-11 15:33:18.228  INFO 7918 --- [    Test worker] o.s.t.web.servlet.TestDispatcherServlet  : Initializing Servlet ''
2021-02-11 15:33:18.234  INFO 7918 --- [    Test worker] o.s.t.web.servlet.TestDispatcherServlet  : Completed initialization in 6 ms
Hibernate: insert into posts (created_date, modified_date, author, content, title) values (?, ?, ?, ?, ?)
Hibernate: select posts0_.id as id1_0_, posts0_.created_date as created_2_0_, posts0_.modified_date as modified3_0_, posts0_.author as author4_0_, posts0_.content as content5_0_, posts0_.title as title6_0_ from posts posts0_
Hibernate: select posts0_.id as id1_0_, posts0_.created_date as created_2_0_, posts0_.modified_date as modified3_0_, posts0_.author as author4_0_, posts0_.content as content5_0_, posts0_.title as title6_0_ from posts posts0_
Hibernate: delete from posts where id=?
2021-02-11 15:33:18.690  INFO 7918 --- [    Test worker] o.a.c.c.C.[Tomcat].[localhost].[/]       : Initializing Spring TestDispatcherServlet ''
2021-02-11 15:33:18.695  INFO 7918 --- [    Test worker] o.s.t.web.servlet.TestDispatcherServlet  : Initializing Servlet ''
2021-02-11 15:33:18.705  INFO 7918 --- [    Test worker] o.s.t.web.servlet.TestDispatcherServlet  : Completed initialization in 7 ms
Hibernate: insert into posts (created_date, modified_date, author, content, title) values (?, ?, ?, ?, ?)
Hibernate: select posts0_.id as id1_0_0_, posts0_.created_date as created_2_0_0_, posts0_.modified_date as modified3_0_0_, posts0_.author as author4_0_0_, posts0_.content as content5_0_0_, posts0_.title as title6_0_0_ from posts posts0_ where posts0_.id=?
Hibernate: update posts set created_date=?, modified_date=?, author=?, content=?, title=? where id=?
Hibernate: select posts0_.id as id1_0_, posts0_.created_date as created_2_0_, posts0_.modified_date as modified3_0_, posts0_.author as author4_0_, posts0_.content as content5_0_, posts0_.title as title6_0_ from posts posts0_
Hibernate: select posts0_.id as id1_0_, posts0_.created_date as created_2_0_, posts0_.modified_date as modified3_0_, posts0_.author as author4_0_, posts0_.content as content5_0_, posts0_.title as title6_0_ from posts posts0_
Hibernate: delete from posts where id=?
]]></system-out>
  <system-err><![CDATA[]]></system-err>
</testsuite>
