<?xml version="1.0" encoding="UTF-8"?>
<testsuite name="com.coconut.springboot.dto.HelloResponseDtoTest" tests="1" skipped="0" failures="0" errors="0" timestamp="2021-02-12T14:38:27" hostname="ijun-uiui-MacBookPro.local" time="0.09">
  <properties/>
  <testcase name="롬복_기능_테스트" classname="com.coconut.springboot.dto.HelloResponseDtoTest" time="0.09"/>
  <system-out><![CDATA[]]></system-out>
  <system-err><![CDATA[]]></system-err>
</testsuite>
