<?xml version="1.0" encoding="UTF-8"?>
<testsuite name="com.coconut.springboot.domain.posts.PostsRepositoryTest" tests="2" skipped="0" failures="0" errors="0" timestamp="2021-02-12T14:38:42" hostname="ijun-uiui-MacBookPro.local" time="0.061">
  <properties/>
  <testcase name="게시글저장_불러오기" classname="com.coconut.springboot.domain.posts.PostsRepositoryTest" time="0.034"/>
  <testcase name="BaseTimeEntity_등록" classname="com.coconut.springboot.domain.posts.PostsRepositoryTest" time="0.02"/>
  <system-out><![CDATA[2021-02-12 23:38:40.401  INFO 1695 --- [    Test worker] .b.t.c.SpringBootTestContextBootstrapper : Neither @ContextConfiguration nor @ContextHierarchy found for test class [com.coconut.springboot.domain.posts.PostsRepositoryTest], using SpringBootContextLoader
2021-02-12 23:38:40.420  INFO 1695 --- [    Test worker] o.s.t.c.support.AbstractContextLoader    : Could not detect default resource locations for test class [com.coconut.springboot.domain.posts.PostsRepositoryTest]: no resource found for suffixes {-context.xml, Context.groovy}.
2021-02-12 23:38:40.423  INFO 1695 --- [    Test worker] t.c.s.AnnotationConfigContextLoaderUtils : Could not detect default configuration classes for test class [com.coconut.springboot.domain.posts.PostsRepositoryTest]: PostsRepositoryTest does not declare any static, non-private, non-final, nested classes annotated with @Configuration.
2021-02-12 23:38:40.449  INFO 1695 --- [    Test worker] .b.t.c.SpringBootTestContextBootstrapper : Found @SpringBootConfiguration com.coconut.springboot.Application for test class com.coconut.springboot.domain.posts.PostsRepositoryTest
2021-02-12 23:38:40.453  INFO 1695 --- [    Test worker] .b.t.c.SpringBootTestContextBootstrapper : Loaded default TestExecutionListener class names from location [META-INF/spring.factories]: [org.springframework.security.test.context.support.WithSecurityContextTestExecutionListener, org.springframework.security.test.context.support.ReactorContextTestExecutionListener, org.springframework.boot.test.autoconfigure.restdocs.RestDocsTestExecutionListener, org.springframework.boot.test.autoconfigure.web.client.MockRestServiceServerResetTestExecutionListener, org.springframework.boot.test.autoconfigure.web.servlet.MockMvcPrintOnlyOnFailureTestExecutionListener, org.springframework.boot.test.autoconfigure.web.servlet.WebDriverTestExecutionListener, org.springframework.boot.test.mock.mockito.MockitoTestExecutionListener, org.springframework.boot.test.mock.mockito.ResetMocksTestExecutionListener, org.springframework.test.context.web.ServletTestExecutionListener, org.springframework.test.context.support.DirtiesContextBeforeModesTestExecutionListener, org.springframework.test.context.support.DependencyInjectionTestExecutionListener, org.springframework.test.context.support.DirtiesContextTestExecutionListener, org.springframework.test.context.transaction.TransactionalTestExecutionListener, org.springframework.test.context.jdbc.SqlScriptsTestExecutionListener]
2021-02-12 23:38:40.455  INFO 1695 --- [    Test worker] .b.t.c.SpringBootTestContextBootstrapper : Using TestExecutionListeners: [org.springframework.test.context.web.ServletTestExecutionListener@747d68f3, org.springframework.test.context.support.DirtiesContextBeforeModesTestExecutionListener@7f3a91db, org.springframework.boot.test.mock.mockito.MockitoTestExecutionListener@54c3a73b, org.springframework.boot.test.autoconfigure.SpringBootDependencyInjectionTestExecutionListener@3d600a10, org.springframework.test.context.support.DirtiesContextTestExecutionListener@22c5d7bf, org.springframework.test.context.transaction.TransactionalTestExecutionListener@95a2e75, org.springframework.test.context.jdbc.SqlScriptsTestExecutionListener@4069aa1a, org.springframework.security.test.context.support.WithSecurityContextTestExecutionListener@7de4088d, org.springframework.security.test.context.support.ReactorContextTestExecutionListener@719050a1, org.springframework.boot.test.autoconfigure.restdocs.RestDocsTestExecutionListener@2961f160, org.springframework.boot.test.autoconfigure.web.client.MockRestServiceServerResetTestExecutionListener@24d5a72c, org.springframework.boot.test.autoconfigure.web.servlet.MockMvcPrintOnlyOnFailureTestExecutionListener@7928635b, org.springframework.boot.test.autoconfigure.web.servlet.WebDriverTestExecutionListener@ace2187, org.springframework.boot.test.mock.mockito.ResetMocksTestExecutionListener@2c822b4f]

  .   ____          _            __ _ _
 /\\ / ___'_ __ _ _(_)_ __  __ _ \ \ \ \
( ( )\___ | '_ | '_| | '_ \/ _` | \ \ \ \
 \\/  ___)| |_)| | | | | || (_| |  ) ) ) )
  '  |____| .__|_| |_|_| |_\__, | / / / /
 =========|_|==============|___/=/_/_/_/
 :: Spring Boot ::        (v2.1.7.RELEASE)

2021-02-12 23:38:40.536  INFO 1695 --- [    Test worker] c.c.s.domain.posts.PostsRepositoryTest   : Starting PostsRepositoryTest on ijun-uiui-MacBookPro.local with PID 1695 (started by junui in /Users/junui/IdeaProjects/basic-spring-web)
2021-02-12 23:38:40.536  INFO 1695 --- [    Test worker] c.c.s.domain.posts.PostsRepositoryTest   : The following profiles are active: oauth
2021-02-12 23:38:40.912  INFO 1695 --- [    Test worker] .s.d.r.c.RepositoryConfigurationDelegate : Bootstrapping Spring Data repositories in DEFAULT mode.
2021-02-12 23:38:40.933  INFO 1695 --- [    Test worker] .s.d.r.c.RepositoryConfigurationDelegate : Finished Spring Data repository scanning in 20ms. Found 2 repository interfaces.
2021-02-12 23:38:41.066  INFO 1695 --- [    Test worker] trationDelegate$BeanPostProcessorChecker : Bean 'org.springframework.transaction.annotation.ProxyTransactionManagementConfiguration' of type [org.springframework.transaction.annotation.ProxyTransactionManagementConfiguration$$EnhancerBySpringCGLIB$$27e1f713] is not eligible for getting processed by all BeanPostProcessors (for example: not eligible for auto-proxying)
2021-02-12 23:38:41.179  INFO 1695 --- [    Test worker] com.zaxxer.hikari.HikariDataSource       : HikariPool-2 - Starting...
2021-02-12 23:38:41.181  INFO 1695 --- [    Test worker] com.zaxxer.hikari.HikariDataSource       : HikariPool-2 - Start completed.
2021-02-12 23:38:41.218  INFO 1695 --- [    Test worker] o.hibernate.jpa.internal.util.LogHelper  : HHH000204: Processing PersistenceUnitInfo [
	name: default
	...]
2021-02-12 23:38:41.232  INFO 1695 --- [    Test worker] org.hibernate.dialect.Dialect            : HHH000400: Using dialect: org.hibernate.dialect.MySQL5InnoDBDialect
Hibernate: drop table if exists posts
Hibernate: drop table if exists user
Hibernate: create table posts (id bigint not null auto_increment, created_date datetime, modified_date datetime, author varchar(255), content TEXT not null, title varchar(500) not null, primary key (id)) engine=InnoDB
Hibernate: create table user (id bigint not null auto_increment, created_date datetime, modified_date datetime, email varchar(255) not null, name varchar(255) not null, picture varchar(255), role varchar(255) not null, primary key (id)) engine=InnoDB
2021-02-12 23:38:41.335  INFO 1695 --- [    Test worker] o.h.t.schema.internal.SchemaCreatorImpl  : HHH000476: Executing import script 'org.hibernate.tool.schema.internal.exec.ScriptSourceInputNonExistentImpl@76d57660'
2021-02-12 23:38:41.336  INFO 1695 --- [    Test worker] j.LocalContainerEntityManagerFactoryBean : Initialized JPA EntityManagerFactory for persistence unit 'default'
2021-02-12 23:38:41.616  INFO 1695 --- [    Test worker] o.h.h.i.QueryTranslatorFactoryInitiator  : HHH000397: Using ASTQueryTranslatorFactory
2021-02-12 23:38:41.830  INFO 1695 --- [    Test worker] o.s.s.web.DefaultSecurityFilterChain     : Creating filter chain: any request, [org.springframework.security.web.context.request.async.WebAsyncManagerIntegrationFilter@71cbc72a, org.springframework.security.web.context.SecurityContextPersistenceFilter@397e6de3, org.springframework.security.web.header.HeaderWriterFilter@714be32, org.springframework.security.web.authentication.logout.LogoutFilter@1eab97d6, org.springframework.security.oauth2.client.web.OAuth2AuthorizationRequestRedirectFilter@14791322, org.springframework.security.oauth2.client.web.OAuth2LoginAuthenticationFilter@6ae10a68, org.springframework.security.web.authentication.ui.DefaultLoginPageGeneratingFilter@5470e9ce, org.springframework.security.web.authentication.ui.DefaultLogoutPageGeneratingFilter@43b550f6, org.springframework.security.web.savedrequest.RequestCacheAwareFilter@3e97489f, org.springframework.security.web.servletapi.SecurityContextHolderAwareRequestFilter@1c509451, org.springframework.security.web.authentication.AnonymousAuthenticationFilter@1f09aba1, org.springframework.security.web.session.SessionManagementFilter@c989e13, org.springframework.security.web.access.ExceptionTranslationFilter@72ceb41f, org.springframework.security.web.access.intercept.FilterSecurityInterceptor@3c61d5b0]
2021-02-12 23:38:42.206  INFO 1695 --- [    Test worker] o.s.s.concurrent.ThreadPoolTaskExecutor  : Initializing ExecutorService 'applicationTaskExecutor'
2021-02-12 23:38:42.237  WARN 1695 --- [    Test worker] aWebConfiguration$JpaWebMvcConfiguration : spring.jpa.open-in-view is enabled by default. Therefore, database queries may be performed during view rendering. Explicitly configure spring.jpa.open-in-view to disable this warning
2021-02-12 23:38:42.278  INFO 1695 --- [    Test worker] o.s.b.a.w.s.WelcomePageHandlerMapping    : Adding welcome page template: index
2021-02-12 23:38:42.652  INFO 1695 --- [    Test worker] s.a.ScheduledAnnotationBeanPostProcessor : No TaskScheduler/ScheduledExecutorService bean found for scheduled processing
2021-02-12 23:38:42.654  INFO 1695 --- [    Test worker] c.c.s.domain.posts.PostsRepositoryTest   : Started PostsRepositoryTest in 2.184 seconds (JVM running for 15.702)
Hibernate: insert into posts (created_date, modified_date, author, content, title) values (?, ?, ?, ?, ?)
Hibernate: select posts0_.id as id1_0_, posts0_.created_date as created_2_0_, posts0_.modified_date as modified3_0_, posts0_.author as author4_0_, posts0_.content as content5_0_, posts0_.title as title6_0_ from posts posts0_
Hibernate: select posts0_.id as id1_0_, posts0_.created_date as created_2_0_, posts0_.modified_date as modified3_0_, posts0_.author as author4_0_, posts0_.content as content5_0_, posts0_.title as title6_0_ from posts posts0_
Hibernate: delete from posts where id=?
Hibernate: insert into posts (created_date, modified_date, author, content, title) values (?, ?, ?, ?, ?)
Hibernate: select posts0_.id as id1_0_, posts0_.created_date as created_2_0_, posts0_.modified_date as modified3_0_, posts0_.author as author4_0_, posts0_.content as content5_0_, posts0_.title as title6_0_ from posts posts0_
>>>>>>>>> createData=2021-02-12T23:38:42.714475, modifiedData=2021-02-12T23:38:42.714475
Hibernate: select posts0_.id as id1_0_, posts0_.created_date as created_2_0_, posts0_.modified_date as modified3_0_, posts0_.author as author4_0_, posts0_.content as content5_0_, posts0_.title as title6_0_ from posts posts0_
Hibernate: delete from posts where id=?
]]></system-out>
  <system-err><![CDATA[]]></system-err>
</testsuite>
