<?xml version="1.0" encoding="UTF-8"?>
<testsuite name="com.coconut.springboot.web.IndexControllerTest" tests="1" skipped="0" failures="0" errors="0" timestamp="2021-02-10T05:37:48" hostname="ijun-uiui-MacBookPro.local" time="0.217">
  <properties/>
  <testcase name="메인페이지_로딩" classname="com.coconut.springboot.web.IndexControllerTest" time="0.217"/>
  <system-out><![CDATA[2021-02-10 14:37:48.677  INFO 4351 --- [    Test worker] .b.t.c.SpringBootTestContextBootstrapper : Neither @ContextConfiguration nor @ContextHierarchy found for test class [com.coconut.springboot.web.IndexControllerTest], using SpringBootContextLoader
2021-02-10 14:37:48.679  INFO 4351 --- [    Test worker] o.s.t.c.support.AbstractContextLoader    : Could not detect default resource locations for test class [com.coconut.springboot.web.IndexControllerTest]: no resource found for suffixes {-context.xml, Context.groovy}.
2021-02-10 14:37:48.679  INFO 4351 --- [    Test worker] t.c.s.AnnotationConfigContextLoaderUtils : Could not detect default configuration classes for test class [com.coconut.springboot.web.IndexControllerTest]: IndexControllerTest does not declare any static, non-private, non-final, nested classes annotated with @Configuration.
2021-02-10 14:37:48.681  INFO 4351 --- [    Test worker] .b.t.c.SpringBootTestContextBootstrapper : Found @SpringBootConfiguration com.coconut.springboot.Application for test class com.coconut.springboot.web.IndexControllerTest
2021-02-10 14:37:48.683  INFO 4351 --- [    Test worker] .b.t.c.SpringBootTestContextBootstrapper : Loaded default TestExecutionListener class names from location [META-INF/spring.factories]: [org.springframework.boot.test.autoconfigure.restdocs.RestDocsTestExecutionListener, org.springframework.boot.test.autoconfigure.web.client.MockRestServiceServerResetTestExecutionListener, org.springframework.boot.test.autoconfigure.web.servlet.MockMvcPrintOnlyOnFailureTestExecutionListener, org.springframework.boot.test.autoconfigure.web.servlet.WebDriverTestExecutionListener, org.springframework.boot.test.mock.mockito.MockitoTestExecutionListener, org.springframework.boot.test.mock.mockito.ResetMocksTestExecutionListener, org.springframework.test.context.web.ServletTestExecutionListener, org.springframework.test.context.support.DirtiesContextBeforeModesTestExecutionListener, org.springframework.test.context.support.DependencyInjectionTestExecutionListener, org.springframework.test.context.support.DirtiesContextTestExecutionListener, org.springframework.test.context.transaction.TransactionalTestExecutionListener, org.springframework.test.context.jdbc.SqlScriptsTestExecutionListener]
2021-02-10 14:37:48.683  INFO 4351 --- [    Test worker] .b.t.c.SpringBootTestContextBootstrapper : Using TestExecutionListeners: [org.springframework.test.context.web.ServletTestExecutionListener@4a009daf, org.springframework.test.context.support.DirtiesContextBeforeModesTestExecutionListener@176d3a3d, org.springframework.boot.test.mock.mockito.MockitoTestExecutionListener@50390fbf, org.springframework.boot.test.autoconfigure.SpringBootDependencyInjectionTestExecutionListener@747aec83, org.springframework.test.context.support.DirtiesContextTestExecutionListener@3ad9ea46, org.springframework.test.context.transaction.TransactionalTestExecutionListener@441b83f2, org.springframework.test.context.jdbc.SqlScriptsTestExecutionListener@5c473839, org.springframework.boot.test.autoconfigure.restdocs.RestDocsTestExecutionListener@7ffad9c6, org.springframework.boot.test.autoconfigure.web.client.MockRestServiceServerResetTestExecutionListener@a8497a5, org.springframework.boot.test.autoconfigure.web.servlet.MockMvcPrintOnlyOnFailureTestExecutionListener@12188114, org.springframework.boot.test.autoconfigure.web.servlet.WebDriverTestExecutionListener@77fbe59e, org.springframework.boot.test.mock.mockito.ResetMocksTestExecutionListener@5ee6264e]
Hibernate: select posts0_.id as id1_0_, posts0_.created_date as created_2_0_, posts0_.modified_date as modified3_0_, posts0_.author as author4_0_, posts0_.content as content5_0_, posts0_.title as title6_0_ from posts posts0_ order by posts0_.id DESC
]]></system-out>
  <system-err><![CDATA[]]></system-err>
</testsuite>
