<?xml version="1.0" encoding="UTF-8"?>
<testsuite name="com.coconut.springboot.HelloControllerTest" tests="2" skipped="0" failures="0" errors="0" timestamp="2021-02-11T06:33:22" hostname="ijun-uiui-MacBookPro.local" time="0.103">
  <properties/>
  <testcase name="hello가_리턴된다" classname="com.coconut.springboot.HelloControllerTest" time="0.032"/>
  <testcase name="helloDto가_리턴된다" classname="com.coconut.springboot.HelloControllerTest" time="0.067"/>
  <system-out><![CDATA[2021-02-11 15:33:21.051  INFO 7918 --- [    Test worker] .b.t.a.w.s.WebMvcTestContextBootstrapper : Neither @ContextConfiguration nor @ContextHierarchy found for test class [com.coconut.springboot.HelloControllerTest], using SpringBootContextLoader
2021-02-11 15:33:21.052  INFO 7918 --- [    Test worker] o.s.t.c.support.AbstractContextLoader    : Could not detect default resource locations for test class [com.coconut.springboot.HelloControllerTest]: no resource found for suffixes {-context.xml, Context.groovy}.
2021-02-11 15:33:21.053  INFO 7918 --- [    Test worker] t.c.s.AnnotationConfigContextLoaderUtils : Could not detect default configuration classes for test class [com.coconut.springboot.HelloControllerTest]: HelloControllerTest does not declare any static, non-private, non-final, nested classes annotated with @Configuration.
2021-02-11 15:33:21.136  INFO 7918 --- [    Test worker] .b.t.c.SpringBootTestContextBootstrapper : Found @SpringBootConfiguration com.coconut.springboot.Application for test class com.coconut.springboot.HelloControllerTest
2021-02-11 15:33:21.137  INFO 7918 --- [    Test worker] .b.t.a.w.s.WebMvcTestContextBootstrapper : Loaded default TestExecutionListener class names from location [META-INF/spring.factories]: [org.springframework.security.test.context.support.WithSecurityContextTestExecutionListener, org.springframework.security.test.context.support.ReactorContextTestExecutionListener, org.springframework.boot.test.autoconfigure.restdocs.RestDocsTestExecutionListener, org.springframework.boot.test.autoconfigure.web.client.MockRestServiceServerResetTestExecutionListener, org.springframework.boot.test.autoconfigure.web.servlet.MockMvcPrintOnlyOnFailureTestExecutionListener, org.springframework.boot.test.autoconfigure.web.servlet.WebDriverTestExecutionListener, org.springframework.boot.test.mock.mockito.MockitoTestExecutionListener, org.springframework.boot.test.mock.mockito.ResetMocksTestExecutionListener, org.springframework.test.context.web.ServletTestExecutionListener, org.springframework.test.context.support.DirtiesContextBeforeModesTestExecutionListener, org.springframework.test.context.support.DependencyInjectionTestExecutionListener, org.springframework.test.context.support.DirtiesContextTestExecutionListener, org.springframework.test.context.transaction.TransactionalTestExecutionListener, org.springframework.test.context.jdbc.SqlScriptsTestExecutionListener]
2021-02-11 15:33:21.138  INFO 7918 --- [    Test worker] .b.t.a.w.s.WebMvcTestContextBootstrapper : Using TestExecutionListeners: [org.springframework.test.context.web.ServletTestExecutionListener@25fdb3d, org.springframework.test.context.support.DirtiesContextBeforeModesTestExecutionListener@7ee2681a, org.springframework.boot.test.mock.mockito.MockitoTestExecutionListener@58da919f, org.springframework.boot.test.autoconfigure.SpringBootDependencyInjectionTestExecutionListener@fc3e01d, org.springframework.test.context.support.DirtiesContextTestExecutionListener@73b944eb, org.springframework.test.context.transaction.TransactionalTestExecutionListener@1e76503e, org.springframework.test.context.jdbc.SqlScriptsTestExecutionListener@12ac6c06, org.springframework.security.test.context.support.WithSecurityContextTestExecutionListener@2ffb546, org.springframework.security.test.context.support.ReactorContextTestExecutionListener@3bd837ee, org.springframework.boot.test.autoconfigure.restdocs.RestDocsTestExecutionListener@1783770b, org.springframework.boot.test.autoconfigure.web.client.MockRestServiceServerResetTestExecutionListener@66bee5a1, org.springframework.boot.test.autoconfigure.web.servlet.MockMvcPrintOnlyOnFailureTestExecutionListener@191429b5, org.springframework.boot.test.autoconfigure.web.servlet.WebDriverTestExecutionListener@63090a3e, org.springframework.boot.test.mock.mockito.ResetMocksTestExecutionListener@6f3e127b]

  .   ____          _            __ _ _
 /\\ / ___'_ __ _ _(_)_ __  __ _ \ \ \ \
( ( )\___ | '_ | '_| | '_ \/ _` | \ \ \ \
 \\/  ___)| |_)| | | | | || (_| |  ) ) ) )
  '  |____| .__|_| |_|_| |_\__, | / / / /
 =========|_|==============|___/=/_/_/_/
 :: Spring Boot ::        (v2.1.7.RELEASE)

2021-02-11 15:33:21.257  INFO 7918 --- [    Test worker] c.c.springboot.HelloControllerTest       : Starting HelloControllerTest on ijun-uiui-MacBookPro.local with PID 7918 (started by junui in /Users/junui/IdeaProjects/basic-spring-web)
2021-02-11 15:33:21.258  INFO 7918 --- [    Test worker] c.c.springboot.HelloControllerTest       : The following profiles are active: oauth
2021-02-11 15:33:21.833  INFO 7918 --- [    Test worker] o.s.s.concurrent.ThreadPoolTaskExecutor  : Initializing ExecutorService 'applicationTaskExecutor'
2021-02-11 15:33:21.899  INFO 7918 --- [    Test worker] o.s.b.a.w.s.WelcomePageHandlerMapping    : Adding welcome page template: index
2021-02-11 15:33:22.089  INFO 7918 --- [    Test worker] .s.s.UserDetailsServiceAutoConfiguration : 

Using generated security password: d804ab79-4ee0-4199-bc26-6ea89a473d77

2021-02-11 15:33:22.223  INFO 7918 --- [    Test worker] o.s.s.web.DefaultSecurityFilterChain     : Creating filter chain: any request, [org.springframework.security.web.context.request.async.WebAsyncManagerIntegrationFilter@23d78ceb, org.springframework.security.web.context.SecurityContextPersistenceFilter@76236383, org.springframework.security.web.header.HeaderWriterFilter@1c9ecd3, org.springframework.security.web.csrf.CsrfFilter@5e8afeab, org.springframework.security.web.authentication.logout.LogoutFilter@486b385, org.springframework.security.web.authentication.UsernamePasswordAuthenticationFilter@1db41905, org.springframework.security.web.authentication.ui.DefaultLoginPageGeneratingFilter@c7537d4, org.springframework.security.web.authentication.ui.DefaultLogoutPageGeneratingFilter@4aa8675f, org.springframework.security.web.authentication.www.BasicAuthenticationFilter@78232c38, org.springframework.security.web.savedrequest.RequestCacheAwareFilter@33757845, org.springframework.security.web.servletapi.SecurityContextHolderAwareRequestFilter@7d94a58c, org.springframework.security.web.authentication.AnonymousAuthenticationFilter@2b0bc0de, org.springframework.security.web.session.SessionManagementFilter@83f35e7, org.springframework.security.web.access.ExceptionTranslationFilter@7c273694, org.springframework.security.web.access.intercept.FilterSecurityInterceptor@346d2416]
2021-02-11 15:33:22.236  INFO 7918 --- [    Test worker] o.s.b.t.m.w.SpringBootMockServletContext : Initializing Spring TestDispatcherServlet ''
2021-02-11 15:33:22.237  INFO 7918 --- [    Test worker] o.s.t.web.servlet.TestDispatcherServlet  : Initializing Servlet ''
2021-02-11 15:33:22.247  INFO 7918 --- [    Test worker] o.s.t.web.servlet.TestDispatcherServlet  : Completed initialization in 10 ms
2021-02-11 15:33:22.284  INFO 7918 --- [    Test worker] c.c.springboot.HelloControllerTest       : Started HelloControllerTest in 1.129 seconds (JVM running for 18.101)
]]></system-out>
  <system-err><![CDATA[]]></system-err>
</testsuite>
