<?xml version="1.0" encoding="UTF-8"?>
<testsuite name="com.coconut.springboot.HelloControllerTest" tests="2" skipped="0" failures="0" errors="0" timestamp="2021-02-12T14:38:43" hostname="ijun-uiui-MacBookPro.local" time="0.069">
  <properties/>
  <testcase name="hello가_리턴된다" classname="com.coconut.springboot.HelloControllerTest" time="0.021"/>
  <testcase name="helloDto가_리턴된다" classname="com.coconut.springboot.HelloControllerTest" time="0.046"/>
  <system-out><![CDATA[2021-02-12 23:38:42.735  INFO 1695 --- [    Test worker] .b.t.a.w.s.WebMvcTestContextBootstrapper : Neither @ContextConfiguration nor @ContextHierarchy found for test class [com.coconut.springboot.HelloControllerTest], using SpringBootContextLoader
2021-02-12 23:38:42.736  INFO 1695 --- [    Test worker] o.s.t.c.support.AbstractContextLoader    : Could not detect default resource locations for test class [com.coconut.springboot.HelloControllerTest]: no resource found for suffixes {-context.xml, Context.groovy}.
2021-02-12 23:38:42.737  INFO 1695 --- [    Test worker] t.c.s.AnnotationConfigContextLoaderUtils : Could not detect default configuration classes for test class [com.coconut.springboot.HelloControllerTest]: HelloControllerTest does not declare any static, non-private, non-final, nested classes annotated with @Configuration.
2021-02-12 23:38:42.804  INFO 1695 --- [    Test worker] .b.t.c.SpringBootTestContextBootstrapper : Found @SpringBootConfiguration com.coconut.springboot.Application for test class com.coconut.springboot.HelloControllerTest
2021-02-12 23:38:42.819  INFO 1695 --- [    Test worker] .b.t.a.w.s.WebMvcTestContextBootstrapper : Loaded default TestExecutionListener class names from location [META-INF/spring.factories]: [org.springframework.security.test.context.support.WithSecurityContextTestExecutionListener, org.springframework.security.test.context.support.ReactorContextTestExecutionListener, org.springframework.boot.test.autoconfigure.restdocs.RestDocsTestExecutionListener, org.springframework.boot.test.autoconfigure.web.client.MockRestServiceServerResetTestExecutionListener, org.springframework.boot.test.autoconfigure.web.servlet.MockMvcPrintOnlyOnFailureTestExecutionListener, org.springframework.boot.test.autoconfigure.web.servlet.WebDriverTestExecutionListener, org.springframework.boot.test.mock.mockito.MockitoTestExecutionListener, org.springframework.boot.test.mock.mockito.ResetMocksTestExecutionListener, org.springframework.test.context.web.ServletTestExecutionListener, org.springframework.test.context.support.DirtiesContextBeforeModesTestExecutionListener, org.springframework.test.context.support.DependencyInjectionTestExecutionListener, org.springframework.test.context.support.DirtiesContextTestExecutionListener, org.springframework.test.context.transaction.TransactionalTestExecutionListener, org.springframework.test.context.jdbc.SqlScriptsTestExecutionListener]
2021-02-12 23:38:42.820  INFO 1695 --- [    Test worker] .b.t.a.w.s.WebMvcTestContextBootstrapper : Using TestExecutionListeners: [org.springframework.test.context.web.ServletTestExecutionListener@6f332b5a, org.springframework.test.context.support.DirtiesContextBeforeModesTestExecutionListener@44f4f4a1, org.springframework.boot.test.mock.mockito.MockitoTestExecutionListener@59264fef, org.springframework.boot.test.autoconfigure.SpringBootDependencyInjectionTestExecutionListener@481adfd5, org.springframework.test.context.support.DirtiesContextTestExecutionListener@3e055477, org.springframework.test.context.transaction.TransactionalTestExecutionListener@5d37eeea, org.springframework.test.context.jdbc.SqlScriptsTestExecutionListener@36059b94, org.springframework.security.test.context.support.WithSecurityContextTestExecutionListener@28ff1ef6, org.springframework.security.test.context.support.ReactorContextTestExecutionListener@3ccd4172, org.springframework.boot.test.autoconfigure.restdocs.RestDocsTestExecutionListener@5eefb8bf, org.springframework.boot.test.autoconfigure.web.client.MockRestServiceServerResetTestExecutionListener@44ac51cd, org.springframework.boot.test.autoconfigure.web.servlet.MockMvcPrintOnlyOnFailureTestExecutionListener@14f4ef00, org.springframework.boot.test.autoconfigure.web.servlet.WebDriverTestExecutionListener@4264ea3d, org.springframework.boot.test.mock.mockito.ResetMocksTestExecutionListener@616d988e]

  .   ____          _            __ _ _
 /\\ / ___'_ __ _ _(_)_ __  __ _ \ \ \ \
( ( )\___ | '_ | '_| | '_ \/ _` | \ \ \ \
 \\/  ___)| |_)| | | | | || (_| |  ) ) ) )
  '  |____| .__|_| |_|_| |_\__, | / / / /
 =========|_|==============|___/=/_/_/_/
 :: Spring Boot ::        (v2.1.7.RELEASE)

2021-02-12 23:38:42.905  INFO 1695 --- [    Test worker] c.c.springboot.HelloControllerTest       : Starting HelloControllerTest on ijun-uiui-MacBookPro.local with PID 1695 (started by junui in /Users/junui/IdeaProjects/basic-spring-web)
2021-02-12 23:38:42.906  INFO 1695 --- [    Test worker] c.c.springboot.HelloControllerTest       : The following profiles are active: oauth
2021-02-12 23:38:43.434  INFO 1695 --- [    Test worker] o.s.s.concurrent.ThreadPoolTaskExecutor  : Initializing ExecutorService 'applicationTaskExecutor'
2021-02-12 23:38:43.466  INFO 1695 --- [    Test worker] o.s.b.a.w.s.WelcomePageHandlerMapping    : Adding welcome page template: index
2021-02-12 23:38:43.640  INFO 1695 --- [    Test worker] .s.s.UserDetailsServiceAutoConfiguration : 

Using generated security password: 6a45b2a6-c468-4c19-946d-6f583a002063

2021-02-12 23:38:43.767  INFO 1695 --- [    Test worker] o.s.s.web.DefaultSecurityFilterChain     : Creating filter chain: any request, [org.springframework.security.web.context.request.async.WebAsyncManagerIntegrationFilter@2e6b779f, org.springframework.security.web.context.SecurityContextPersistenceFilter@7d194ad9, org.springframework.security.web.header.HeaderWriterFilter@131f4137, org.springframework.security.web.csrf.CsrfFilter@43150844, org.springframework.security.web.authentication.logout.LogoutFilter@7fbf4e58, org.springframework.security.web.authentication.UsernamePasswordAuthenticationFilter@2e0510dc, org.springframework.security.web.authentication.ui.DefaultLoginPageGeneratingFilter@2b0bc0de, org.springframework.security.web.authentication.ui.DefaultLogoutPageGeneratingFilter@52cf0e75, org.springframework.security.web.authentication.www.BasicAuthenticationFilter@72c81b14, org.springframework.security.web.savedrequest.RequestCacheAwareFilter@23d78ceb, org.springframework.security.web.servletapi.SecurityContextHolderAwareRequestFilter@4aa8675f, org.springframework.security.web.authentication.AnonymousAuthenticationFilter@606dbf83, org.springframework.security.web.session.SessionManagementFilter@78232c38, org.springframework.security.web.access.ExceptionTranslationFilter@2e5e19c8, org.springframework.security.web.access.intercept.FilterSecurityInterceptor@2fe0b486]
2021-02-12 23:38:43.778  INFO 1695 --- [    Test worker] o.s.b.t.m.w.SpringBootMockServletContext : Initializing Spring TestDispatcherServlet ''
2021-02-12 23:38:43.779  INFO 1695 --- [    Test worker] o.s.t.web.servlet.TestDispatcherServlet  : Initializing Servlet ''
2021-02-12 23:38:43.788  INFO 1695 --- [    Test worker] o.s.t.web.servlet.TestDispatcherServlet  : Completed initialization in 8 ms
2021-02-12 23:38:43.823  INFO 1695 --- [    Test worker] c.c.springboot.HelloControllerTest       : Started HelloControllerTest in 0.999 seconds (JVM running for 16.871)
]]></system-out>
  <system-err><![CDATA[]]></system-err>
</testsuite>
